<?xml version="1.0" encoding="UTF-8"?>
<!-- Generated by org.testng.reporters.JUnitReportReporter -->
<testsuite hostname="DESKTOP-5QPL10C" failures="0" tests="1" name="LauchingApps.saucedemo" time="26.818" errors="0" timestamp="2024-01-23T11:44:28 IST" skipped="0">
  <testcase classname="LauchingApps.saucedemo" name="setup" time="26.818"/>
  <system-out/>
</testsuite> <!-- LauchingApps.saucedemo -->
