<?xml version="1.0" encoding="UTF-8"?>
<!-- Generated by org.testng.reporters.JUnitReportReporter -->
<testsuite hostname="DESKTOP-5QPL10C" failures="0" tests="1" name="LauchingApps.Flipkart" time="14.777" errors="0" timestamp="2024-01-19T22:15:48 IST" skipped="0">
  <testcase classname="LauchingApps.Flipkart" name="setup" time="14.777"/>
  <system-out/>
</testsuite> <!-- LauchingApps.Flipkart -->
