<?xml version="1.0" encoding="UTF-8"?>
<!-- Generated by org.testng.reporters.JUnitReportReporter -->
<testsuite hostname="DESKTOP-5QPL10C" failures="0" tests="1" name="LauchingApps.OrangeApps" time="21.798" errors="0" timestamp="2024-01-19T21:44:13 IST" skipped="0">
  <testcase classname="LauchingApps.OrangeApps" name="setup" time="21.798"/>
  <system-out/>
</testsuite> <!-- LauchingApps.OrangeApps -->
