<?xml version="1.0" encoding="UTF-8"?>
<!-- Generated by org.testng.reporters.JUnitReportReporter -->
<testsuite hostname="DESKTOP-5QPL10C" failures="0" tests="1" name="LauchingApps.Amazon" time="17.085" errors="0" timestamp="2024-01-19T22:13:17 IST" skipped="0">
  <testcase classname="LauchingApps.Amazon" name="setup" time="17.085"/>
  <system-out/>
</testsuite> <!-- LauchingApps.Amazon -->
