<?xml version="1.0" encoding="UTF-8"?>
<!-- Generated by org.testng.reporters.JUnitReportReporter -->
<testsuite hostname="DESKTOP-5QPL10C" failures="0" tests="1" name="LauchingApps.bank" time="22.344" errors="0" timestamp="2024-01-23T09:53:35 IST" skipped="0">
  <testcase classname="LauchingApps.bank" name="setupApp" time="22.344"/>
  <system-out/>
</testsuite> <!-- LauchingApps.bank -->
