<?xml version="1.0" encoding="UTF-8"?>
<!-- Generated by org.testng.reporters.JUnitReportReporter -->
<testsuite hostname="DESKTOP-5QPL10C" failures="0" tests="1" name="LauchingApps.Flipkart" time="21.131" errors="0" timestamp="2024-01-19T22:32:48 IST" skipped="0">
  <testcase classname="LauchingApps.Flipkart" name="setup" time="21.131"/>
</testsuite> <!-- LauchingApps.Flipkart -->
