<?xml version="1.0" encoding="UTF-8"?>
<!-- Generated by org.testng.reporters.JUnitReportReporter -->
<testsuite hostname="DESKTOP-5QPL10C" failures="0" tests="1" name="LauchingApps.saucedemo" time="24.383" errors="0" timestamp="2024-01-23T12:11:45 IST" skipped="0">
  <testcase classname="LauchingApps.saucedemo" name="setup" time="24.383"/>
</testsuite> <!-- LauchingApps.saucedemo -->
