<?xml version="1.0" encoding="UTF-8"?>
<!-- Generated by org.testng.reporters.JUnitReportReporter -->
<testsuite hostname="DESKTOP-5QPL10C" failures="0" tests="1" name="hrmTestCase.LoginTest" time="5.069" errors="0" timestamp="2024-01-17T09:31:53 IST" skipped="0">
  <testcase classname="hrmTestCase.LoginTest" name="verifyLogin" time="5.069"/>
</testsuite> <!-- hrmTestCase.LoginTest -->
