<?xml version="1.0" encoding="UTF-8"?>
<!-- Generated by org.testng.reporters.JUnitReportReporter -->
<testsuite hostname="DESKTOP-5QPL10C" failures="0" tests="1" name="hrmTestCase.LoginTest" time="16.005" errors="0" timestamp="2024-01-22T22:26:21 IST" skipped="0">
  <testcase classname="hrmTestCase.LoginTest" name="verifyLogin" time="16.005"/>
</testsuite> <!-- hrmTestCase.LoginTest -->
